<?xml version="1.0" encoding="UTF-8"?>
<!-- Generated by org.testng.reporters.JUnitXMLReporter -->
<testsuite ignored="0" hostname="LAPTOP-S3L3AMS7" failures="0" tests="3" name="Chrome Test" time="41.415" errors="0" timestamp="2023-02-21T22:37:14 IST">
  <testcase classname="com.lamdatest.www.SeleniumTest" name="testScenario1" time="7.708"/>
  <testcase classname="com.lamdatest.www.SeleniumTest" name="testScenario2" time="4.538"/>
  <testcase classname="com.lamdatest.www.SeleniumTest" name="testScenario3" time="16.378"/>
</testsuite> <!-- Chrome Test -->
