<?xml version="1.0" encoding="UTF-8"?>
<!-- Generated by org.testng.reporters.JUnitXMLReporter -->
<testsuite ignored="0" hostname="LAPTOP-S3L3AMS7" failures="0" tests="3" name="Safari test" time="1.01" errors="0" timestamp="2023-02-21T22:37:15 IST">
  <testcase classname="com.lamdatest.www.SeleniumTest" name="testScenario1" time="0.059"/>
  <testcase classname="com.lamdatest.www.SeleniumTest" name="testScenario2" time="0.002"/>
  <testcase classname="com.lamdatest.www.SeleniumTest" name="testScenario3" time="0.015"/>
</testsuite> <!-- Safari test -->
