<?xml version="1.0" encoding="UTF-8"?>
<testng-results ignored="0" total="6" passed="6" failed="0" skipped="0">
  <reporter-output>
  </reporter-output>
  <suite started-at="2023-02-21T22:36:32 IST" name="Suite" finished-at="2023-02-21T22:37:15 IST" duration-ms="42507">
    <groups>
    </groups>
    <test started-at="2023-02-21T22:36:32 IST" name="Chrome Test" finished-at="2023-02-21T22:37:13 IST" duration-ms="41415">
      <class name="com.lamdatest.www.SeleniumTest">
        <test-method is-config="true" signature="setUp(java.lang.String,java.lang.String,java.lang.String)[pri:0, instance:com.lamdatest.www.SeleniumTest@6356695f]" started-at="2023-02-21T22:36:32 IST" name="setUp" finished-at="2023-02-21T22:36:45 IST" duration-ms="12651" status="PASS">
          <params>
            <param index="0">
              <value>
                <![CDATA[chrome]]>
              </value>
            </param>
            <param index="1">
              <value>
                <![CDATA[109]]>
              </value>
            </param>
            <param index="2">
              <value>
                <![CDATA[WIN10]]>
              </value>
            </param>
          </params>
          <reporter-output>
          </reporter-output>
        </test-method> <!-- setUp -->
        <test-method signature="testScenario1()[pri:0, instance:com.lamdatest.www.SeleniumTest@6356695f]" started-at="2023-02-21T22:36:45 IST" name="testScenario1" finished-at="2023-02-21T22:36:52 IST" duration-ms="7708" status="PASS">
          <reporter-output>
          </reporter-output>
        </test-method> <!-- testScenario1 -->
        <test-method signature="testScenario2()[pri:0, instance:com.lamdatest.www.SeleniumTest@6356695f]" started-at="2023-02-21T22:36:53 IST" name="testScenario2" finished-at="2023-02-21T22:36:57 IST" duration-ms="4538" status="PASS">
          <reporter-output>
          </reporter-output>
        </test-method> <!-- testScenario2 -->
        <test-method signature="testScenario3()[pri:0, instance:com.lamdatest.www.SeleniumTest@6356695f]" started-at="2023-02-21T22:36:57 IST" name="testScenario3" finished-at="2023-02-21T22:37:13 IST" duration-ms="16378" status="PASS">
          <reporter-output>
          </reporter-output>
        </test-method> <!-- testScenario3 -->
      </class> <!-- com.lamdatest.www.SeleniumTest -->
    </test> <!-- Chrome Test -->
    <test started-at="2023-02-21T22:37:14 IST" name="Safari test" finished-at="2023-02-21T22:37:15 IST" duration-ms="1010">
      <class name="com.lamdatest.www.SeleniumTest">
        <test-method is-config="true" signature="setUp(java.lang.String,java.lang.String,java.lang.String)[pri:0, instance:com.lamdatest.www.SeleniumTest@4ec4f3a0]" started-at="2023-02-21T22:37:14 IST" name="setUp" finished-at="2023-02-21T22:37:14 IST" duration-ms="878" status="PASS">
          <params>
            <param index="0">
              <value>
                <![CDATA[safari]]>
              </value>
            </param>
            <param index="1">
              <value>
                <![CDATA[107]]>
              </value>
            </param>
            <param index="2">
              <value>
                <![CDATA[macOS Monterey]]>
              </value>
            </param>
          </params>
          <reporter-output>
          </reporter-output>
        </test-method> <!-- setUp -->
        <test-method signature="testScenario1()[pri:0, instance:com.lamdatest.www.SeleniumTest@4ec4f3a0]" started-at="2023-02-21T22:37:14 IST" name="testScenario1" finished-at="2023-02-21T22:37:15 IST" duration-ms="59" status="PASS">
          <reporter-output>
          </reporter-output>
        </test-method> <!-- testScenario1 -->
        <test-method signature="testScenario2()[pri:0, instance:com.lamdatest.www.SeleniumTest@4ec4f3a0]" started-at="2023-02-21T22:37:15 IST" name="testScenario2" finished-at="2023-02-21T22:37:15 IST" duration-ms="2" status="PASS">
          <reporter-output>
          </reporter-output>
        </test-method> <!-- testScenario2 -->
        <test-method signature="testScenario3()[pri:0, instance:com.lamdatest.www.SeleniumTest@4ec4f3a0]" started-at="2023-02-21T22:37:15 IST" name="testScenario3" finished-at="2023-02-21T22:37:15 IST" duration-ms="15" status="PASS">
          <reporter-output>
          </reporter-output>
        </test-method> <!-- testScenario3 -->
      </class> <!-- com.lamdatest.www.SeleniumTest -->
    </test> <!-- Safari test -->
  </suite> <!-- Suite -->
</testng-results>
